<?xml version="1.0" encoding="UTF-8"?>
<!-- Generated by org.testng.reporters.JUnitReportReporter -->
<testsuite skipped="2" hostname="user" name="org.demo.TestCase1" tests="6" failures="0" timestamp="27 Jan 2022 05:37:16 GMT" time="34.973" errors="0">
  <testcase name="tc1" time="5.312" classname="org.demo.TestCase1"/>
  <testcase name="tc1" time="7.022" classname="org.demo.TestCase1"/>
  <testcase name="tc1" time="18.136" classname="org.demo.TestCase1"/>
  <testcase name="tc1" time="4.503" classname="org.demo.TestCase1"/>
  <testcase name="tc2" classname="org.demo.TestCase1">
    <skipped/>
  </testcase> <!-- tc2 -->
  <testcase name="tc3" classname="org.demo.TestCase1">
    <skipped/>
  </testcase> <!-- tc3 -->
</testsuite> <!-- org.demo.TestCase1 -->
